"../../../BeeGame/Content/Assets/Audio/Bee/Bee_Swarm.uasset" 0
"../../../BeeGame/Content/Assets/Audio/Coin/Coins_01.uasset" 1
"../../../BeeGame/Content/Assets/Audio/Coin/Coins_02.uasset" 2
"../../../BeeGame/Content/Assets/Audio/Coin/Coins_03.uasset" 3
"../../../BeeGame/Content/Assets/Audio/Coin/Coins_04.uasset" 4
"../../../BeeGame/Content/Assets/Audio/Coin/Coins_05.uasset" 5
"../../../BeeGame/Content/Assets/Audio/Coin/Coins_06.uasset" 6
"../../../BeeGame/Content/Assets/Bee/bee001.uasset" 7
"../../../BeeGame/Content/Assets/Bee/lambert7.uasset" 8
"../../../BeeGame/Content/Assets/Bee/bee01.uasset" 9
"../../../BeeGame/Content/Assets/Bee/bee_s_01.uasset" 10
"../../../BeeGame/Content/Assets/Beekeeper/beekeeper_hat.uasset" 11
"../../../BeeGame/Content/Assets/Beekeeper/beekeeper01_polySurface378.uasset" 12
"../../../BeeGame/Content/Assets/Beekeeper/beekeeper_hat_Tran.uasset" 13
"../../../BeeGame/Content/Assets/Beekeeper/beekeeper01_polySurface381.uasset" 14
"../../../BeeGame/Content/Assets/Hive/beehive1.uasset" 15
"../../../BeeGame/Content/Assets/Hive/beehive.uasset" 16
"../../../BeeGame/Content/Assets/Hive/beehive_01_beehive01.uasset" 17
"../../../BeeGame/Content/Assets/Hive/glass.uasset" 18
"../../../BeeGame/Content/Assets/Hive/beehive_01_glass1.uasset" 19
"../../../BeeGame/Content/Assets/Hive2/beehive1.uasset" 20
"../../../BeeGame/Content/Assets/Hive2/beehive.uasset" 21
"../../../BeeGame/Content/Assets/Hive2/glass.uasset" 22
"../../../BeeGame/Content/Assets/Hive2/beehive_01.uasset" 23
"../../../BeeGame/Content/Assets/UI/Exit.uasset" 24
"../../../BeeGame/Content/Assets/UI/Sunflower.uasset" 25
"../../../BeeGame/Content/Assets/UI/UI_0001_Medicine-info.uasset" 26
"../../../BeeGame/Content/Assets/UI/UI_0006_purpleconeflower_information.uasset" 27
"../../../BeeGame/Content/Assets/UI/UI_0007_blsackeyedsusan_information.uasset" 28
"../../../BeeGame/Content/Assets/UI/UI_export_0000s_0000_cancel.uasset" 29
"../../../BeeGame/Content/Assets/UI/UI_export_0000s_0001_cure.uasset" 30
"../../../BeeGame/Content/Assets/UI/UI_export_0000s_0002_bee_varroa_mite.uasset" 31
"../../../BeeGame/Content/Assets/UI/UI_export_0001_Medicine-info.uasset" 32
"../../../BeeGame/Content/Assets/UI/UI_export_0002_varroa2.uasset" 33
"../../../BeeGame/Content/Assets/UI/UI_export_0003_plus.uasset" 34
"../../../BeeGame/Content/Assets/UI/UI_export_0004_bee_icon.uasset" 35
"../../../BeeGame/Content/Assets/UI/UI_export_0005_taskboard_01.uasset" 36
"../../../Engine/Content/EditorBlueprintResources/StandardMacros.uasset" 37
"../../../BeeGame/Content/Materials/Grass.uasset" 38
"../../../BeeGame/Content/GameplayBlueprints/Grid.uasset" 39
"../../../BeeGame/Content/Materials/Celshading.uasset" 40
"../../../BeeGame/Content/Assets/Flower/flowers01.uasset" 41
"../../../BeeGame/Content/Materials/Hologram.uasset" 42
"../../../BeeGame/Content/Assets/CLUT.uasset" 43
"../../../BeeGame/Content/Materials/Toon.uasset" 44
"../../../BeeGame/Content/Assets/Flower/sunflower_d.uasset" 45
"../../../BeeGame/Content/Assets/Flower/lambert34.uasset" 46
"../../../BeeGame/Content/Materials/Flower/FlowerHead.uasset" 47
"../../../BeeGame/Content/Assets/Flower/flower_001.uasset" 48
"../../../BeeGame/Content/Assets/Flower/lambert31.uasset" 49
"../../../BeeGame/Content/Materials/Flower/FlowerStem.uasset" 50
"../../../Engine/Content/Functions/Engine_MaterialFunctions01/Opacity/CameraDepthFade.uasset" 51
"../../../Engine/Content/EngineMaterials/T_Default_Material_Grid_M.uasset" 52
"../../../Engine/Content/EngineMaterials/T_Default_Material_Grid_N.uasset" 53
"../../../Engine/Content/EngineMaterials/DefaultMaterial.uasset" 54
"../../../Engine/Content/BasicShapes/Cone.uasset" 55
"../../../Engine/Content/EngineMaterials/WorldGridMaterial.uasset" 56
"../../../Engine/Content/BasicShapes/Cube.uasset" 57
"../../../Engine/Content/BasicShapes/Cylinder.uasset" 58
"../../../Engine/Content/EditorLandscapeResources/DataLayer.uasset" 59
"../../../Engine/Content/EditorMaterials/GizmoMaterial.uasset" 60
"../../../Engine/Content/EditorMaterials/MAT_Groups_Toggle.uasset" 61
"../../../Engine/Content/EditorMaterials/MAT_Groups_Visibility.uasset" 62
"../../../Engine/Content/EditorMaterials/PreviewShadowIndicator.uasset" 63
"../../../Engine/Content/EditorMaterials/PreviewShadowIndicatorMaterial.uasset" 64
"../../../Engine/Content/EditorMaterials/AssetViewer/EpicQuadPanorama_CC+EV1.uasset" 65
"../../../Engine/Content/EditorMaterials/MatineeGroups/MAT_ColorTrack.uasset" 66
"../../../Engine/Content/EditorMaterials/MatineeGroups/MAT_Groups_Anim.uasset" 67
"../../../Engine/Content/EditorMaterials/MatineeGroups/MAT_Groups_AudioMaster.uasset" 68
"../../../Engine/Content/EditorMaterials/MatineeGroups/MAT_Groups_Director.uasset" 69
"../../../Engine/Content/EditorMaterials/MatineeGroups/MAT_Groups_Event.uasset" 70
"../../../Engine/Content/EditorMaterials/MatineeGroups/MAT_Groups_Fade.uasset" 71
"../../../Engine/Content/EditorMaterials/MatineeGroups/MAT_Groups_Float.uasset" 72
"../../../Engine/Content/EditorMaterials/MatineeGroups/MAT_Groups_Move.uasset" 73
"../../../Engine/Content/EditorMaterials/MatineeGroups/MAT_Groups_Slomo.uasset" 74
"../../../Engine/Content/EditorMaterials/MatineeGroups/MAT_Groups_Sound.uasset" 75
"../../../Engine/Content/EditorMaterials/MatineeGroups/MAT_Groups_Vector.uasset" 76
"../../../Engine/Content/EditorMaterials/ParticleSystems/PSysThumbnail_NoImage.uasset" 77
"../../../Engine/Content/EditorMaterials/ParticleSystems/PSysThumbnail_OOD.uasset" 78
"../../../Engine/Content/EditorMaterials/Camera/CineMat.uasset" 79
"../../../Engine/Content/EditorMaterials/Camera/MI_CineMat_Rig.uasset" 80
"../../../Engine/Content/EditorMeshes/Camera/SM_CraneRig_Arm.uasset" 81
"../../../Engine/Content/EditorMeshes/Camera/SM_CraneRig_Base.uasset" 82
"../../../Engine/Content/EditorMeshes/Camera/SM_CraneRig_Body.uasset" 83
"../../../Engine/Content/EditorMeshes/Camera/SM_CraneRig_Mount.uasset" 84
"../../../Engine/Content/EditorMeshes/Camera/SM_RailRig_Mount.uasset" 85
"../../../Engine/Content/EditorMeshes/Camera/SM_RailRig_Track.uasset" 86
"../../../Engine/Content/EditorMeshes/ColorCalibrator/M_ChromeBall.uasset" 87
"../../../Engine/Content/EditorMeshes/ColorCalibrator/M_ClearCoat.uasset" 88
"../../../Engine/Content/EditorMeshes/ColorCalibrator/M_ClearCoatBlack.uasset" 89
"../../../Engine/Content/EditorMeshes/ColorCalibrator/T_ColorGrid.uasset" 90
"../../../Engine/Content/EditorMeshes/ColorCalibrator/M_ColorGrid.uasset" 91
"../../../Engine/Content/EditorMeshes/ColorCalibrator/M_GreyBall.uasset" 92
"../../../Engine/Content/EditorMeshes/ColorCalibrator/SM_ColorCalibrator.uasset" 93
"../../../Engine/Content/EditorResources/BSPVertex.uasset" 94
"../../../Engine/Content/EditorResources/EmptyActor.uasset" 95
"../../../Engine/Content/EditorResources/S_Actor.uasset" 96
"../../../Engine/Content/EditorResources/S_Trigger.uasset" 97
"../../../Engine/Content/EditorResources/AudioIcons/S_AudioComponent.uasset" 98
"../../../Engine/Content/EditorResources/AudioIcons/S_AudioComponent_AutoActivate.uasset" 99
"../../../Engine/Content/EditorResources/LightIcons/S_LightError.uasset" 100
"../../../Engine/Content/EditorResources/SequenceRecorder/Countdown.uasset" 101
"../../../Engine/Content/EditorResources/SequenceRecorder/RecordingIndicator.uasset" 102
"../../../Engine/Content/EditorSounds/Notifications/CompileFailed.uasset" 103
"../../../Engine/Content/EditorSounds/Notifications/CompileFailed_Cue.uasset" 104
"../../../Engine/Content/EditorSounds/Notifications/CompileSuccess.uasset" 105
"../../../Engine/Content/EditorSounds/Notifications/CompileStart_Cue.uasset" 106
"../../../Engine/Content/EditorSounds/Notifications/CompileSuccess_Cue.uasset" 107
"../../../Engine/Content/EngineDamageTypes/DmgTypeBP_Environmental.uasset" 108
"../../../Engine/Content/EngineDebugMaterials/HeatmapGradient.uasset" 109
"../../../Engine/Content/EngineDebugMaterials/BoneWeightMaterial.uasset" 110
"../../../Engine/Content/EngineDebugMaterials/ClothMaterial.uasset" 111
"../../../Engine/Content/EngineDebugMaterials/ClothMaterial_WF.uasset" 112
"../../../Engine/Content/EngineDebugMaterials/DebugEditorMaterial.uasset" 113
"../../../Engine/Content/EngineDebugMaterials/DebugMeshMaterial.uasset" 114
"../../../Engine/Content/EngineDebugMaterials/GeomMaterial.uasset" 115
"../../../Engine/Content/EngineFonts/Faces/RobotoBold.uasset" 116
"../../../Engine/Content/EngineFonts/Faces/RobotoBoldItalic.uasset" 117
"../../../Engine/Content/EngineFonts/Faces/RobotoItalic.uasset" 118
"../../../Engine/Content/EngineFonts/Faces/RobotoLight.uasset" 119
"../../../Engine/Content/EngineFonts/Faces/RobotoRegular.uasset" 120
"../../../Engine/Content/EngineFonts/Roboto.uasset" 121
"../../../Engine/Content/EngineFonts/Faces/RobotoTiny.uasset" 122
"../../../Engine/Content/EngineFonts/RobotoTiny.uasset" 123
"../../../Engine/Content/EngineMaterials/DefaultBloomKernel.uasset" 124
"../../../Engine/Content/EngineMaterials/DefaultBokeh.uasset" 125
"../../../Engine/Content/EngineMaterials/DefaultDiffuse.uasset" 126
"../../../Engine/Content/EngineMaterials/DefaultDeferredDecalMaterial.uasset" 127
"../../../Engine/Content/EngineMaterials/DefaultLightFunctionMaterial.uasset" 128
"../../../Engine/Content/EngineMaterials/DefaultPhysicalMaterial.uasset" 129
"../../../Engine/Content/Functions/Engine_MaterialFunctions02/Utility/BreakOutFloat2Components.uasset" 130
"../../../Engine/Content/EngineMaterials/DefaultPostProcessMaterial.uasset" 131
"../../../Engine/Content/EngineFonts/RobotoDistanceField.uasset" 132
"../../../Engine/Content/EngineMaterials/DefaultTextMaterialOpaque.uasset" 133
"../../../Engine/Content/EngineMaterials/DefaultWhiteGrid.uasset" 134
"../../../Engine/Content/EngineMaterials/EditorBrushMaterial.uasset" 135
"../../../Engine/Content/EngineMaterials/Good64x64TilingNoiseHighFreq.uasset" 136
"../../../Engine/Content/EngineMaterials/MiniFont.uasset" 137
"../../../Engine/Content/EngineMaterials/InvalidLightmapSettings.uasset" 138
"../../../Engine/Content/EngineMaterials/M_InvalidLightmapSettings.uasset" 139
"../../../Engine/Content/EngineMaterials/PhAT_JointLimitMaterial.uasset" 140
"../../../Engine/Content/EngineMaterials/PreintegratedSkinBRDF.uasset" 141
"../../../Engine/Content/EngineMaterials/RemoveSurfaceMaterial.uasset" 142
"../../../Engine/Content/EngineMaterials/WeightMapPlaceholderTexture.uasset" 143
"../../../Engine/Content/EngineResources/WhiteSquareTexture.uasset" 144
"../../../Engine/Content/EngineMaterials/Widget3DPassThrough.uasset" 145
"../../../Engine/Content/EngineMaterials/Widget3DPassThrough_Masked.uasset" 146
"../../../Engine/Content/EngineMaterials/Widget3DPassThrough_Opaque.uasset" 147
"../../../Engine/Content/EngineMaterials/Widget3DPassThrough_Masked_OneSided.uasset" 148
"../../../Engine/Content/EngineMaterials/Widget3DPassThrough_Opaque_OneSided.uasset" 149
"../../../Engine/Content/EngineMaterials/Widget3DPassThrough_Translucent.uasset" 150
"../../../Engine/Content/EngineMaterials/Widget3DPassThrough_Translucent_OneSided.uasset" 151
"../../../Engine/Content/EngineMeshes/Cube.uasset" 152
"../../../Engine/Content/EngineMeshes/Cylinder.uasset" 153
"../../../Engine/Content/EngineMeshes/Sphere.uasset" 154
"../../../Engine/Content/EngineResources/Black.uasset" 155
"../../../Engine/Content/EngineResources/DefaultTexture.uasset" 156
"../../../Engine/Content/EngineResources/DefaultTextureCube.uasset" 157
"../../../Engine/Content/EngineResources/GradientTexture0.uasset" 158
"../../../Engine/Content/EngineSounds/Master.uasset" 159
"../../../Engine/Content/Functions/Engine_MaterialFunctions01/Shading/ConvertFromDiffSpec.uasset" 160
"../../../Engine/Content/Functions/Engine_MaterialFunctions01/Shading/PowerToRoughness.uasset" 161
"../../../Engine/Content/Maps/Templates/Thumbnails/Default.uasset" 162
"../../../Engine/Content/Maps/Templates/Thumbnails/VR-Basic.uasset" 163
"../../../Engine/Content/MobileResources/T_MobileControls_texture.uasset" 164
"../../../Engine/Content/MobileResources/T_MobileMenu2.uasset" 165
"../../../Engine/Content/MobileResources/HUD/AnalogHat.uasset" 166
"../../../Engine/Content/MobileResources/HUD/VirtualJoystick_Background.uasset" 167
"../../../Engine/Content/MobileResources/HUD/VirtualJoystick_Thumb.uasset" 168
"../../../Engine/Content/MobileResources/HUD/DefaultVirtualJoysticks.uasset" 169
"../../../Engine/Content/MobileResources/HUD/LeftVirtualJoystickOnly.uasset" 170
"../../../Engine/Content/MobileResources/HUD/MobileHUDButton1_off.uasset" 171
"../../../Engine/Content/MobileResources/HUD/MobileHUDButton1_on.uasset" 172
"../../../Engine/Content/MobileResources/HUD/MobileHUDButton2_off.uasset" 173
"../../../Engine/Content/MobileResources/HUD/MobileHUDButton2_on.uasset" 174
"../../../Engine/Content/MobileResources/HUD/MobileHUDButton3.uasset" 175
"../../../Engine/Content/MobileResources/HUD/MobileHUDButtonFire.uasset" 176
"../../../Engine/Content/MobileResources/HUD/MobileHUDDirectionPad.uasset" 177
"../../../Engine/Content/MobileResources/HUD/MobileHUDDirectionPad2.uasset" 178
"../../../Engine/Content/MobileResources/HUD/MobileHUDDirectionPad3.uasset" 179
"../../../Engine/Content/MobileResources/HUD/MobileHUDDirectionStick.uasset" 180
"../../../Engine/Content/MobileResources/HUD/T_Castle_ThumbstickInner.uasset" 181
"../../../Engine/Content/MobileResources/HUD/T_Castle_ThumbstickOutter.uasset" 182
"../../../Engine/Content/Tutorial/ContentIntroCurve.uasset" 183
"../../../Engine/Content/Tutorial/Basics/TutorialAssets/icon_tab_Levels_40x.uasset" 184
"../../../Engine/Content/Tutorial/BlueprintTutorials/TutorialAssets/BlueprintInterface_64x.uasset" 185
"../../../Engine/Content/Tutorial/BlueprintTutorials/TutorialAssets/BlueprintMacroLibrary_64x.uasset" 186
"../../../Engine/Content/Tutorial/BlueprintTutorials/TutorialAssets/Blueprint_64x.uasset" 187
"../../../Engine/Content/Tutorial/BlueprintTutorials/TutorialAssets/Tutorial_BP_Interface.uasset" 188
"../../../Engine/Content/Tutorial/Foliage/TutorialAssets/Foliage.uasset" 189
"../../../Engine/Content/Tutorial/Landscape/TutorialAssets/Landscape.uasset" 190
"../../../Engine/Content/Tutorial/Mobile/TutorialAssets/android_Icon.uasset" 191
"../../../Engine/Content/Tutorial/Paper2D/TutorialAssets/Paper2DFlipbook_TutorialIcon.uasset" 192
"../../../Engine/Content/Tutorial/Paper2D/TutorialAssets/Paper2DSprite_TutorialIcon.uasset" 193
"../../../Engine/Content/Tutorial/SubEditors/TutorialAssets/icon_Editor_Preferences_General_40x.uasset" 194
"../../../Engine/Content/Tutorial/SubEditors/TutorialAssets/icon_ShowSkeletalMeshes_40x.uasset" 195
"../../../Engine/Content/Tutorial/SubEditors/TutorialAssets/TutorialMaterial.uasset" 196
"../../../Engine/Content/Tutorial/SubEditors/TutorialAssets/T_SmokeSubUV_8X8.uasset" 197
"../../../Engine/Content/Tutorial/SubEditors/TutorialAssets/T_soft_smoke.uasset" 198
"../../../Engine/Content/Tutorial/SubEditors/TutorialAssets/M_smoke_subUV_blackbody.uasset" 199
"../../../Engine/Content/Tutorial/SubEditors/TutorialAssets/TutorialParticleSystem.uasset" 200
"../../../Engine/Content/EditorMeshes/EditorCube.uasset" 201
"../../../Engine/Content/Tutorial/SubEditors/TutorialAssets/Tutorial_DM.uasset" 202
"../../../Engine/Content/VREditor/Devices/Generic/GenericHMDMaterial.uasset" 203
"../../../Engine/Content/VREditor/Devices/Generic/GenericHMD.uasset" 204
"../../../Engine/Content/VREditor/FloatingText/LineMaterial.uasset" 205
"../../../Engine/Content/VREditor/FloatingText/JointSphere.uasset" 206
"../../../Engine/Content/VREditor/FloatingText/LineSegmentCylinder.uasset" 207
"../../../Engine/Content/VREditor/Fonts/VRText_RobotoLarge.uasset" 208
"../../../Engine/Content/VREditor/Fonts/VRTextMaterial.uasset" 209
"../../../Engine/Content/VREditor/Fonts/TranslucentVRTextMaterial.uasset" 210
"../../../Engine/Content/VREditor/LaserPointer/CursorPointer.uasset" 211
"../../../Engine/Content/VREditor/LaserPointer/VR_LaserPower_01.uasset" 212
"../../../Engine/Content/VREditor/TransformGizmo/TransformGizmoMaterial.uasset" 213
"../../../Engine/Content/VREditor/LaserPointer/HoverMaterial.uasset" 214
"../../../Engine/Content/VREditor/TransformGizmo/TranslucentTransformGizmoMaterial.uasset" 215
"../../../Engine/Content/VREditor/LaserPointer/TranslucentHoverMaterial.uasset" 216
"../../../Engine/Content/VREditor/LaserPointer/HoverMesh.uasset" 217
"../../../Engine/Content/VREditor/LaserPointer/LaserPointerMaterial.uasset" 218
"../../../Engine/Content/VREditor/LaserPointer/LaserPointerMaterialInst.uasset" 219
"../../../Engine/Content/VREditor/LaserPointer/TranslucentLaserPointerMaterialInst.uasset" 220
"../../../Engine/Content/VREditor/LaserPointer/LaserPointerMesh.uasset" 221
"../../../Engine/Content/VREditor/LaserPointer/LaserPointerMesh_End.uasset" 222
"../../../Engine/Content/VREditor/LaserPointer/LaserPointerMesh_Start.uasset" 223
"../../../Engine/Content/Functions/Engine_MaterialFunctions02/Utility/BreakOutFloat3Components.uasset" 224
"../../../Engine/Content/Functions/Engine_MaterialFunctions02/Math/Transform3x3Matrix.uasset" 225
"../../../Engine/Content/Functions/Engine_MaterialFunctions02/SplitComponents.uasset" 226
"../../../Engine/Content/Functions/Engine_MaterialFunctions02/Utility/MakeFloat3.uasset" 227
"../../../Engine/Content/VREditor/SnapGrid/SnapGridMaterial.uasset" 228
"../../../Engine/Content/VREditor/SnapGrid/SnapGridPlaneMesh.uasset" 229
"../../../Engine/Content/VREditor/Sounds/VR_teleport.uasset" 230
"../../../Engine/Content/VREditor/Sounds/UI/Click_on_Button_Cue.uasset" 231
"../../../Engine/Content/VREditor/Sounds/UI/Dockable_Window_Close.uasset" 232
"../../../Engine/Content/VREditor/Sounds/UI/Dockable_Window_Drop.uasset" 233
"../../../Engine/Content/VREditor/Sounds/UI/Dockable_Window_Open.uasset" 234
"../../../Engine/Content/VREditor/Sounds/UI/Dockable_Window_Pick_Up.uasset" 235
"../../../Engine/Content/VREditor/Sounds/UI/Drop_Item_From_ContentBrowser.uasset" 236
"../../../Engine/Content/VREditor/Sounds/UI/Floating_UI_Open-001.uasset" 237
"../../../Engine/Content/VREditor/Sounds/UI/Gizmo_Handle_Clicked.uasset" 238
"../../../Engine/Content/VREditor/Sounds/UI/Object_PickUp.uasset" 239
"../../../Engine/Content/VREditor/Sounds/UI/Object_Snaps_To_Another_Actor.uasset" 240
"../../../Engine/Content/VREditor/Sounds/UI/Object_Snaps_To_Grid.uasset" 241
"../../../Engine/Content/VREditor/Sounds/UI/Radial_Menu_FadeOut.uasset" 242
"../../../Engine/Content/VREditor/Sounds/UI/Scaling_Down.uasset" 243
"../../../Engine/Content/VREditor/Sounds/UI/Scaling_Up.uasset" 244
"../../../Engine/Content/VREditor/Sounds/UI/Selection_Changes.uasset" 245
"../../../Engine/Content/VREditor/Sounds/UI/Teleport_Mode_Entered.uasset" 246
"../../../Engine/Content/VREditor/Teleport/TeleportDirectionMaterial.uasset" 247
"../../../Engine/Content/VREditor/Teleport/TeleportDirectionMaterial_Inst.uasset" 248
"../../../Engine/Content/VREditor/Teleport/TeleportDirectionMesh.uasset" 249
"../../../Engine/Content/VREditor/TransformGizmo/BoundingBoxCorner.uasset" 250
"../../../Engine/Content/VREditor/TransformGizmo/BoundingBoxEdge.uasset" 251
"../../../Engine/Content/VREditor/TransformGizmo/PlaneTranslationHandle.uasset" 252
"../../../Engine/Content/VREditor/TransformGizmo/RotationHandleFull.uasset" 253
"../../../Engine/Content/VREditor/TransformGizmo/RotationHandleIndicator.uasset" 254
"../../../Engine/Content/VREditor/TransformGizmo/RotationHandleQuarter.uasset" 255
"../../../Engine/Content/VREditor/TransformGizmo/Main.uasset" 256
"../../../Engine/Content/VREditor/TransformGizmo/Xray.uasset" 257
"../../../Engine/Content/VREditor/TransformGizmo/SM_Dialog_Close.uasset" 258
"../../../Engine/Content/VREditor/TransformGizmo/SM_Dialog_Move.uasset" 259
"../../../Engine/Content/VREditor/TransformGizmo/SM_Sequencer_Key.uasset" 260
"../../../Engine/Content/VREditor/TransformGizmo/StartRotationHandleIndicator.uasset" 261
"../../../Engine/Content/VREditor/TransformGizmo/TranslucentTransformGizmoMaterial_Inst.uasset" 262
"../../../Engine/Content/VREditor/TransformGizmo/TransformGizmoFreeRotation.uasset" 263
"../../../Engine/Content/VREditor/TransformGizmo/TransformGizmoMaterial_Inst.uasset" 264
"../../../Engine/Content/VREditor/TransformGizmo/TranslateArrowHandle.uasset" 265
"../../../Engine/Content/VREditor/TransformGizmo/UniformScaleHandle.uasset" 266
"../../../Engine/Content/VREditor/UI/KeyDiskMaterial.uasset" 267
"../../../Engine/Content/VREditor/UI/DiscMaterial.uasset" 268
"../../../Engine/Content/VREditor/UI/SM_Radial_Disk.uasset" 269
"../../../Engine/Content/Functions/Engine_MaterialFunctions01/Gradient/RadialGradient.uasset" 270
"../../../Engine/Content/VREditor/WorldMovementGrid/SimpleGrid.uasset" 271
"../../../Engine/Content/VREditor/WorldMovementGrid/GridMaterial.uasset" 272
"../../../Engine/Content/Functions/Engine_MaterialFunctions01/Density/ExponentialDensity.uasset" 273
"../../../Engine/Content/VREditor/WorldMovementGrid/GridPostProcess.uasset" 274
"../../../Engine/Content/EditorLandscapeResources/FlattenHeightMat.uasset" 275
"../../../Engine/Content/VREditor/WorldMovementGrid/PlaneMesh.uasset" 276
"../../../Engine/Plugins/2D/Paper2D/Content/PlaceholderTextures/DummySpriteTexture.uasset" 277
"../../../Engine/Plugins/2D/Paper2D/Content/DummySprite.uasset" 278
"../../../Engine/Plugins/2D/Paper2D/Content/DefaultPaperTerrainMaterial.uasset" 279
"../../../Engine/Plugins/2D/Paper2D/Content/DefaultSpriteMaterial.uasset" 280
"../../../Engine/Plugins/2D/Paper2D/Content/MaskedUnlitSpriteMaterial.uasset" 281
"../../../Engine/Plugins/2D/Paper2D/Content/OpaqueUnlitSpriteMaterial.uasset" 282
"../../../Engine/Plugins/Runtime/Oculus/OculusVR/Content/Textures/GearVRController_AO.uasset" 283
"../../../Engine/Plugins/Runtime/Oculus/OculusVR/Content/Textures/GearVRController_Color.uasset" 284
"../../../Engine/Plugins/Runtime/Oculus/OculusVR/Content/Textures/GearVRController_Normal.uasset" 285
"../../../Engine/Plugins/Runtime/Oculus/OculusVR/Content/Materials/GearVRControllerMaterial.uasset" 286
"../../../Engine/Plugins/Runtime/Oculus/OculusVR/Content/Meshes/GearVrController.uasset" 287
"../../../BeeGame/Content/Assets/Flower/sunflower_01.uasset" 288
"../../../BeeGame/Content/GameplayBlueprints/Flower.uasset" 289
"../../../BeeGame/Content/Assets/Ground/lambert37.uasset" 290
"../../../BeeGame/Content/Assets/Ground/ground_001.uasset" 291
"../../../BeeGame/Content/GameplayBlueprints/GridPiece.uasset" 292
"../../../BeeGame/Content/Assets/bee2/bee001.uasset" 293
"../../../BeeGame/Content/Assets/bee2/lambert7.uasset" 294
"../../../BeeGame/Content/Assets/bee2/bee_s_01.uasset" 295
"../../../Engine/Content/EngineMaterials/OrientParticle.uasset" 296
"../../../Engine/Content/EngineMaterials/DefaultParticle.uasset" 297
"../../../BeeGame/Content/Materials/BeeParticle.uasset" 298
"../../../BeeGame/Content/GameplayBlueprints/Bee.uasset" 299
"../../../Engine/Content/BasicShapes/BasicShapeMaterial.uasset" 300
"../../../BeeGame/Content/Assets/HiveNew/lambert1_Base_Color.uasset" 301
"../../../BeeGame/Content/Assets/HiveNew/lambert38.uasset" 302
"../../../Engine/Content/BasicShapes/Plane.uasset" 303
"../../../BeeGame/Content/Assets/HiveNew/beehive001.uasset" 304
"../../../BeeGame/Content/GameplayBlueprints/Hive.uasset" 305
"../../../BeeGame/Content/Assets/UI/cancel.uasset" 306
"../../../BeeGame/Content/Assets/UI/Cancel_01.uasset" 307
"../../../BeeGame/Content/Assets/UI/UI_0002s_0004_Rounded-Rectangle-9.uasset" 308
"../../../BeeGame/Content/Assets/UI/UI_0002s_0010_Hunger_.uasset" 309
"../../../BeeGame/Content/Assets/UI/UI_0002s_0011_Health_--.uasset" 310
"../../../BeeGame/Content/Assets/UI/UI_0002s_0012_Bees-.uasset" 311
"../../../BeeGame/Content/Assets/UI/UI_0002s_0013_Honey_-.uasset" 312
"../../../BeeGame/Content/Assets/UI/UI_0004_disease.uasset" 313
"../../../BeeGame/Content/Assets/UI/UI_Background.uasset" 314
"../../../BeeGame/Content/Assets/UI/UI_export_0002s_0000_hungry_progressbar.uasset" 315
"../../../BeeGame/Content/Assets/UI/UI_export_0002s_0001_collect.uasset" 316
"../../../BeeGame/Content/Assets/UI/UI_export_0002s_0002_info.uasset" 317
"../../../BeeGame/Content/Assets/UI/UI_export_0002s_0003_feed.uasset" 318
"../../../BeeGame/Content/Assets/UI/UI_export_0002s_0009_background_beehive.uasset" 319
"../../../BeeGame/Content/Assets/UI/UI_export_0004_usw5.uasset" 320
"../../../BeeGame/Content/Widgets/WidgetHive.uasset" 321
"../../../BeeGame/Content/Assets/Audio/Bee/Bee_Sounds_1.uasset" 322
"../../../BeeGame/Content/Assets/Audio/Coin/Coins_07.uasset" 323
"../../../BeeGame/Content/Assets/Audio/Music/Bee_Game_Music_v2.uasset" 324
"../../../BeeGame/Content/Materials/Rain.uasset" 325
"../../../BeeGame/Content/Assets/UI/background.uasset" 326
"../../../BeeGame/Content/Widgets/Tutorial.uasset" 327
"../../../BeeGame/Content/Assets/UI/plant.uasset" 328
"../../../BeeGame/Content/Assets/UI/UI_0001_blsackeyedsusan.uasset" 329
"../../../BeeGame/Content/Assets/UI/UI_0001_task.uasset" 330
"../../../BeeGame/Content/Assets/UI/UI_0002_purpleconeflower.uasset" 331
"../../../BeeGame/Content/Assets/UI/UI_0002_shop.uasset" 332
"../../../BeeGame/Content/Assets/UI/UI_0003_sunflower.uasset" 333
"../../../BeeGame/Content/Assets/UI/UI_0003_taskboard_01.uasset" 334
"../../../BeeGame/Content/Assets/UI/UI_0005_flower_store.uasset" 335
"../../../BeeGame/Content/Assets/UI/UI_0008_sunflower_information.uasset" 336
"../../../BeeGame/Content/Assets/UI/UI_0009_Deliver.uasset" 337
"../../../BeeGame/Content/Assets/UI/UI_export_0002s_0008_buy.uasset" 338
"../../../BeeGame/Content/Assets/UI/UI_export_0004_Apiguard-box-256x300.uasset" 339
"../../../BeeGame/Content/Assets/UI/UI_export_0004_LOCK.uasset" 340
"../../../BeeGame/Content/Assets/UI/UI_export_0004s_0000_arrow_r.uasset" 341
"../../../BeeGame/Content/Assets/UI/UI_export_0004s_0001_arrow_l.uasset" 342
"../../../BeeGame/Content/Assets/UI/UI_export_0004s_0002_text_mid.uasset" 343
"../../../BeeGame/Content/Assets/UI/UI_export_0006_medicine.uasset" 344
"../../../BeeGame/Content/Assets/UI/UI_export_0007_equipment.uasset" 345
"../../../BeeGame/Content/Widgets/UI.uasset" 346
"../../../BeeGame/Content/GameplayBlueprints/BeePlayer.uasset" 347
"../../../Engine/Content/EngineSky/C_Sky_Cloud_Color.uasset" 348
"../../../Engine/Content/EngineSky/C_Sky_Horizon_Color.uasset" 349
"../../../Engine/Content/EngineSky/C_Sky_Zenith_Color.uasset" 350
"../../../Engine/Content/EngineSky/T_Sky_Blue.uasset" 351
"../../../Engine/Content/EngineSky/T_Sky_Clouds_M.uasset" 352
"../../../Engine/Content/EngineSky/T_Sky_Stars.uasset" 353
"../../../Engine/Content/EngineSky/M_Sky_Panning_Clouds2.uasset" 354
"../../../Engine/Content/EngineSky/SM_SkySphere.uasset" 355
"../../../Engine/Content/EngineSky/BP_Sky_Sphere.uasset" 356
"../../../Engine/Content/Functions/Engine_MaterialFunctions02/Utility/MakeFloat2.uasset" 357
"../../../Engine/Content/Functions/Engine_MaterialFunctions02/Utility/VectorLength.uasset" 358
"../../../Engine/Content/Functions/Engine_MaterialFunctions02/WorldPositionOffset/ObjectScale.uasset" 359
"../../../BeeGame/Content/Assets/Hexagon.uasset" 360
"../../../BeeGame/Content/Materials/Grid.uasset" 361
"../../../BeeGame/Content/Materials/Test1.uasset" 362
"../../../Engine/Content/MapTemplates/SM_Template_Map_Floor.uasset" 363
"../../../BeeGame/Content/GameplayBlueprints/Floor_Blueprint.uasset" 364
"../../../BeeGame/Content/Maps/Demo_BuiltData.uasset" 365
"../../../BeeGame/Content/Assets/Grass/leaves.uasset" 366
"../../../BeeGame/Content/Assets/Grass/lambert8.uasset" 367
"../../../BeeGame/Content/Assets/Grass/grass01.uasset" 368
"../../../BeeGame/Content/Maps/Demo.umap" 369
"../../../BeeGame/Content/Maps/TestLevel_BuiltData.uasset" 370
"../../../BeeGame/Content/Materials/Test.uasset" 371
"../../../Engine/Content/BasicShapes/Sphere.uasset" 372
"../../../BeeGame/Content/Assets/Beekeeper/character02.uasset" 373
"../../../BeeGame/Content/Assets/Beekeeper/character01.uasset" 374
"../../../BeeGame/Content/Assets/Beekeeper/beekeeper01_polySurface374.uasset" 375
"../../../BeeGame/Content/Assets/Flower/lambert28.uasset" 376
"../../../BeeGame/Content/Assets/flowers02.uasset" 377
"../../../BeeGame/Content/Assets/flower02.uasset" 378
"../../../BeeGame/Content/Assets/Flower/BlackEyedSusan_01.uasset" 379
"../../../BeeGame/Content/Assets/Flower/flowers02.uasset" 380
"../../../BeeGame/Content/Assets/Flower/flower02.uasset" 381
"../../../BeeGame/Content/Assets/Flower/lambert9.uasset" 382
"../../../BeeGame/Content/Assets/Flower/Flower_Y01.uasset" 383
"../../../BeeGame/Content/Assets/Flower/PurpleConeflower_01.uasset" 384
"../../../BeeGame/Content/Assets/Tree/tree_001.uasset" 385
"../../../BeeGame/Content/Assets/Tree/tree.uasset" 386
"../../../BeeGame/Content/Assets/Tree/tree005.uasset" 387
"../../../BeeGame/Content/Maps/TestLevel.umap" 388
"../../../Engine/Content/Maps/Entry.umap" 389
